C51 COMPILER V8.08   DHT11                                                                 05/30/2017 11:28:58 PAGE 1   


C51 COMPILER V8.08, COMPILATION OF MODULE DHT11
OBJECT MODULE PLACED IN ..\output\DHT11.obj
COMPILER INVOKED BY: C:\Keil\C51\BIN\C51.EXE ..\source\DHT11.c BROWSE DEBUG OBJECTEXTEND PRINT(.\DHT11.lst) OBJECT(..\ou
                    -tput\DHT11.obj)

line level    source

   1          #include "config.h"
   2          #include "dht11.h"
   3          
   4          #define _DHT11_C
   5          
   6          #define NUMBER 20
   7          uint8 cntThr = 0;
   8          
   9          void DelayX10us(uint16 x)
  10          {
  11   1              
  12   1              do{
  13   2                      _nop_();
  14   2                      _nop_();
  15   2              }while(--x);    
  16   1      }
  17          
  18          bit DHT11GetACK()
  19          {
  20   1              bit ack;
  21   1      
  22   1              DHT11_DATA = 0;
  23   1              DelayX10us(2000);//延时20ms
  24   1              DHT11_DATA = 1;                                                            
  25   1              DelayX10us(4);
  26   1              ack = DHT11_DATA;
  27   1              
  28   1              return ~ack;    
  29   1      }
  30          
  31          
  32          bit DHT11GetData(uint8* humi, uint8* temp) 
  33          {
  34   1              bit ack;
  35   1              uint8 cnt = 32;
  36   1              uint32 mdat = 0;
  37   1      
  38   1              EA = 0;
  39   1              ack = DHT11GetACK();
  40   1              if(!ack)return ack;  //读数失败
  41   1              cntThr = 0;
  42   1              while(!DHT11_DATA && cntThr++ < NUMBER);          //等待DHT11拉高电平
  43   1              if(cntThr++ >= NUMBER){
  44   2                      DHT11_DATA = 1;
  45   2                      EA = 1;
  46   2                      return 0;
  47   2              }
  48   1              DelayX10us(8);  
  49   1      
  50   1              while(cnt--){
  51   2                      cntThr = 0;
  52   2                      while(!DHT11_DATA && cntThr++ < NUMBER);        //等待高电平到来
  53   2                      if(cntThr++ >= NUMBER){
  54   3                              DHT11_DATA = 1;
C51 COMPILER V8.08   DHT11                                                                 05/30/2017 11:28:58 PAGE 2   

  55   3                              EA = 1;
  56   3                              return 0;
  57   3                      }                 
  58   2                      TL1 = 0;
  59   2                      TR1 = 1;
  60   2                      while(DHT11_DATA);      //等待高电平结束
  61   2                      TR1 = 0;                        //结束计时
  62   2                      if(TL1 < 30){  //低电平
  63   3                              mdat <<= 1; 
  64   3                      }else{                  //高电平
  65   3                              mdat <<= 1;
  66   3                              mdat |= 0x1;
  67   3                      }               
  68   2              }
  69   1      
  70   1              *humi = (uint8)(mdat >> 24);
  71   1              *temp = (uint8)(mdat >> 8);
  72   1              EA = 1;
  73   1              return 1;       
  74   1      }
  75          
  76          void ConfigureDHT11()
  77          {
  78   1              TMOD &= 0x0F;
  79   1              TMOD |= 0x10;
  80   1      
  81   1              ET1 = 0;
  82   1              PT1 = 1;        //定时器1设置高优先级
  83   1      }


MODULE INFORMATION:   STATIC OVERLAYABLE
   CODE SIZE        =    272    ----
   CONSTANT SIZE    =   ----    ----
   XDATA SIZE       =   ----    ----
   PDATA SIZE       =   ----    ----
   DATA SIZE        =      1      11
   IDATA SIZE       =   ----    ----
   BIT SIZE         =   ----       2
END OF MODULE INFORMATION.


C51 COMPILATION COMPLETE.  0 WARNING(S),  0 ERROR(S)
